[+] Containers:
 |- [+] Container: /Game/L_Will
 |   |- [+] ActorDescs:
 |   |   |- Guid:0000B8FB45F358B775CD9C97E1C35E19 BaseClass: NativeClass:/Script/Engine.StaticMeshActor Name:StaticMeshActor_UAID_C85ACF005D05F4C201_2054836001 Label:ModularStoneBrickPillar4 SpatiallyLoaded:1 Bounds:IsValid=true, Min=(X=2275.000 Y=2875.000 Z=297.825), Max=(X=2375.000 Y=2925.000 Z=628.169) RuntimeGrid:None EditorOnly:0 RuntimeOnly:0 HLODRelevant:0
 |   |   |- Guid:01FDE9674A556F5921392B8201AE0062 BaseClass: NativeClass:/Script/Engine.StaticMeshActor Name:StaticMeshActor_UAID_C85ACF005D05F7C201_1540219501 Label:ModularStoneKeepWall7 SpatiallyLoaded:1 Bounds:IsValid=true, Min=(X=1200.000 Y=1250.000 Z=300.000), Max=(X=1700.000 Y=1300.000 Z=600.000) RuntimeGrid:None EditorOnly:0 RuntimeOnly:0 HLODRelevant:0
 |   |   |- Guid:04E1DFEE49AA7B4D95EFF6B1FAB1C81B BaseClass: NativeClass:/Script/Engine.StaticMeshActor Name:StaticMeshActor_UAID_C85ACF005D05F4C201_2008437991 Label:ModularStoneKeepFloorTile13 SpatiallyLoaded:1 Bounds:IsValid=true, Min=(X=2200.000 Y=1300.000 Z=0.000), Max=(X=2700.000 Y=1800.000 Z=0.000) RuntimeGrid:None EditorOnly:0 RuntimeOnly:0 HLODRelevant:0
 |   |   |- Guid:0532B26B4992E59C033592B300A01FF6 BaseClass: NativeClass:/Script/Engine.StaticMeshActor Name:StaticMeshActor_UAID_C85ACF005D05F4C201_2000419989 Label:ModularStoneKeepFloorTile11 SpatiallyLoaded:1 Bounds:IsValid=true, Min=(X=700.000 Y=2300.000 Z=0.000), Max=(X=1200.000 Y=2800.000 Z=0.000) RuntimeGrid:None EditorOnly:0 RuntimeOnly:0 HLODRelevant:0
 |   |   |- Guid:07F89A3648997B5352AFE2969BC3A444 BaseClass: NativeClass:/Script/Engine.StaticMeshActor Name:StaticMeshActor_UAID_C85ACF005D05F4C201_1986928981 Label:ModularStoneKeepArchSegment9 SpatiallyLoaded:1 Bounds:IsValid=true, Min=(X=2190.568 Y=1900.000 Z=-2.328), Max=(X=2312.289 Y=2150.000 Z=300.000) RuntimeGrid:None EditorOnly:0 RuntimeOnly:0 HLODRelevant:0
 |   |   |- Guid:135BEFF84CF4067E36764F94284D804F BaseClass: NativeClass:/Script/Engine.StaticMeshActor Name:StaticMeshActor_UAID_C85ACF005D05F4C201_1973751978 Label:ModularStoneKeepArchSegment6 SpatiallyLoaded:1 Bounds:IsValid=true, Min=(X=950.000 Y=1287.711 Z=-2.328), Max=(X=1200.000 Y=1409.432 Z=300.000) RuntimeGrid:None EditorOnly:0 RuntimeOnly:0 HLODRelevant:0
 |   |   |- Guid:18CCF0E842FD4AA810E8B7B8F9B76DB0 BaseClass: NativeClass:/Script/Engine.StaticMeshActor Name:StaticMeshActor_UAID_C85ACF005D05F4C201_1885645971 Label:ModularStoneKeepArchSegment SpatiallyLoaded:1 Bounds:IsValid=true, Min=(X=1700.000 Y=1287.711 Z=-2.328), Max=(X=1950.000 Y=1409.432 Z=300.000) RuntimeGrid:None EditorOnly:0 RuntimeOnly:0 HLODRelevant:0
 |   |   |- Guid:1C8DE2EA49A7E91D0AF596A740DCC541 BaseClass: NativeClass:/Script/Engine.StaticMeshActor Name:StaticMeshActor_UAID_C85ACF005D05F4C201_2008439994 Label:ModularStoneKeepFloorTile16 SpatiallyLoaded:1 Bounds:IsValid=true, Min=(X=2200.000 Y=2800.000 Z=0.000), Max=(X=2700.000 Y=3300.000 Z=0.000) RuntimeGrid:None EditorOnly:0 RuntimeOnly:0 HLODRelevant:0
 |   |   |- Guid:1F66E6904E363099B16DEAA3622E7C32 BaseClass: NativeClass:/Script/Engine.StaticMeshActor Name:StaticMeshActor_UAID_C85ACF005D05F4C201_1771760967 Label:ModularStoneKeepFloorTile SpatiallyLoaded:1 Bounds:IsValid=true, Min=(X=1200.000 Y=1300.000 Z=0.000), Max=(X=1700.000 Y=1800.000 Z=0.000) RuntimeGrid:None EditorOnly:0 RuntimeOnly:0 HLODRelevant:0
 |   |   |- Guid:21F5A8944BF08E4EC00B36A00EE2C065 BaseClass: NativeClass:/Script/Engine.StaticMeshActor Name:StaticMeshActor_UAID_C85ACF005D05F4C201_2018345995 Label:ModularStoneKeepWall SpatiallyLoaded:1 Bounds:IsValid=true, Min=(X=3200.000 Y=1300.000 Z=300.000), Max=(X=3300.000 Y=1800.000 Z=600.000) RuntimeGrid:None EditorOnly:0 RuntimeOnly:0 HLODRelevant:1
 |   |   |- Guid:22E61E6E4A711642D4E53B88744F7BDE BaseClass: NativeClass:/Script/Engine.ExponentialHeightFog Name:ExponentialHeightFog_1 Label:ExponentialHeightFog SpatiallyLoaded:0 Bounds:IsValid=true, Min=(X=-5600.000 Y=-50.000 Z=-6850.000), Max=(X=-5600.000 Y=-50.000 Z=-6850.000) RuntimeGrid:None EditorOnly:0 RuntimeOnly:0 HLODRelevant:0 FolderPath:Lighting FolderGuid:4C9334684BA61B42C769F799D2576455
 |   |   |- Guid:26A9403D4D55B9576621A99EE9BB8B0F BaseClass: NativeClass:/Script/Engine.StaticMeshActor Name:StaticMeshActor_UAID_A4AE111137DC5CFB00_1660657071 Label:SM_SkySphere SpatiallyLoaded:0 Bounds:IsValid=true, Min=(X=-1638400.000 Y=-1638400.000 Z=-1638400.000), Max=(X=1638400.000 Y=1638400.000 Z=1638400.000) RuntimeGrid:None EditorOnly:0 RuntimeOnly:0 HLODRelevant:0 FolderPath:Lighting FolderGuid:4C9334684BA61B42C769F799D2576455
 |   |   |- Guid:294CFC094ED19BA8FA07519CD294AB5A BaseClass: NativeClass:/Script/Engine.StaticMeshActor Name:StaticMeshActor_UAID_C85ACF005D05F7C201_1493856495 Label:ModularStoneKeepWall4 SpatiallyLoaded:1 Bounds:IsValid=true, Min=(X=2700.000 Y=900.000 Z=-0.000), Max=(X=2800.000 Y=1400.000 Z=300.000) RuntimeGrid:None EditorOnly:0 RuntimeOnly:0 HLODRelevant:1
 |   |   |- Guid:2A2FD0BA4BD54680CC4130938B9B8660 BaseClass: NativeClass:/Script/Engine.StaticMeshActor Name:StaticMeshActor_UAID_C85ACF005D05F4C201_2054835000 Label:ModularStoneKeepWall3 SpatiallyLoaded:1 Bounds:IsValid=true, Min=(X=2300.000 Y=2400.000 Z=300.000), Max=(X=2350.000 Y=2900.000 Z=600.000) RuntimeGrid:None EditorOnly:0 RuntimeOnly:0 HLODRelevant:0
 |   |   |- Guid:305AD503427521A2DD35938C249767BE BaseClass: NativeClass:/Script/Engine.StaticMeshActor Name:StaticMeshActor_UAID_C85ACF005D05F7C201_1540220502 Label:ModularStoneKeepRoofTile5 SpatiallyLoaded:1 Bounds:IsValid=true, Min=(X=1700.000 Y=1163.013 Z=554.282), Max=(X=2200.000 Y=1375.000 Z=829.813) RuntimeGrid:None EditorOnly:0 RuntimeOnly:0 HLODRelevant:0
 |   |   |- Guid:30738A2949692FFFFA98949D2876CC47 BaseClass: NativeClass:/Script/Engine.StaticMeshActor Name:StaticMeshActor_UAID_C85ACF005D05F7C201_1540219500 Label:ModularStoneKeepRoofTile4 SpatiallyLoaded:1 Bounds:IsValid=true, Min=(X=700.000 Y=1163.013 Z=554.282), Max=(X=1200.000 Y=1375.000 Z=829.813) RuntimeGrid:None EditorOnly:0 RuntimeOnly:0 HLODRelevant:0
 |   |   |- Guid:3CB1568640DEAD3138BD5DB8902909FE BaseClass: NativeClass:/Script/Engine.StaticMeshActor Name:StaticMeshActor_UAID_C85ACF005D05F4C201_2069763003 Label:ModularStoneKeepRoofTile2 SpatiallyLoaded:1 Bounds:IsValid=true, Min=(X=2225.000 Y=1900.000 Z=554.282), Max=(X=2436.987 Y=2400.000 Z=829.813) RuntimeGrid:None EditorOnly:0 RuntimeOnly:0 HLODRelevant:0
 |   |   |- Guid:434A3B154C955BB4C3811EA1DCE5CA33 BaseClass: NativeClass:/Script/Engine.StaticMeshActor Name:StaticMeshActor_UAID_C85ACF005D05F4C201_1779620968 Label:ModularStoneKeepFloorTile2 SpatiallyLoaded:1 Bounds:IsValid=true, Min=(X=1200.000 Y=1800.000 Z=0.000), Max=(X=1700.000 Y=2300.000 Z=0.000) RuntimeGrid:None EditorOnly:0 RuntimeOnly:0 HLODRelevant:0
 |   |   |- Guid:467F425441028587FBC28E9F28ED64C8 BaseClass: NativeClass:/Script/Engine.StaticMeshActor Name:StaticMeshActor_UAID_C85ACF005D05F7C201_1540216497 Label:ModularStoneBrickPillar5 SpatiallyLoaded:1 Bounds:IsValid=true, Min=(X=1675.000 Y=1225.000 Z=297.825), Max=(X=1725.000 Y=1325.000 Z=628.169) RuntimeGrid:None EditorOnly:0 RuntimeOnly:0 HLODRelevant:0
 |   |   |- Guid:584D452A40CAD3F1F126DB8563EBCF55 BaseClass: NativeClass:/Script/Engine.StaticMeshActor Name:StaticMeshActor_UAID_C85ACF005D05F4C201_2058828002 Label:ModularStoneKeepRoofTile SpatiallyLoaded:1 Bounds:IsValid=true, Min=(X=2225.000 Y=2400.000 Z=554.282), Max=(X=2436.987 Y=2900.000 Z=829.813) RuntimeGrid:None EditorOnly:0 RuntimeOnly:0 HLODRelevant:0
 |   |   |- Guid:64CE0D634244E201FB908986D0B05BFF BaseClass: NativeClass:/Script/Engine.StaticMeshActor Name:StaticMeshActor_UAID_C85ACF005D05F4C201_2000418987 Label:ModularStoneKeepFloorTile9 SpatiallyLoaded:1 Bounds:IsValid=true, Min=(X=1700.000 Y=2300.000 Z=0.000), Max=(X=2200.000 Y=2800.000 Z=0.000) RuntimeGrid:None EditorOnly:0 RuntimeOnly:0 HLODRelevant:0
 |   |   |- Guid:6573D08E4D941B7AB4CF439E7422987E BaseClass: NativeClass:/Script/Engine.StaticMeshActor Name:StaticMeshActor_UAID_C85ACF005D05F4C201_1973750977 Label:ModularStoneKeepArchSegment5 SpatiallyLoaded:1 Bounds:IsValid=true, Min=(X=700.000 Y=1287.711 Z=-2.328), Max=(X=950.000 Y=1409.432 Z=300.000) RuntimeGrid:None EditorOnly:0 RuntimeOnly:0 HLODRelevant:0
 |   |   |- Guid:672C946D414DD6B13424DE81DAA09CB2 BaseClass: NativeClass:/Script/Engine.StaticMeshActor Name:StaticMeshActor_UAID_C85ACF005D05F4C201_2052650998 Label:ModularStoneKeepWall2 SpatiallyLoaded:1 Bounds:IsValid=true, Min=(X=2300.000 Y=1900.000 Z=300.000), Max=(X=2350.000 Y=2400.000 Z=600.000) RuntimeGrid:None EditorOnly:0 RuntimeOnly:0 HLODRelevant:0
 |   |   |- Guid:741DF46C4F55BEBDC2FF0A9294C6E697 BaseClass: NativeClass:/Script/Engine.VolumetricCloud Name:VolumetricCloud_0 Label:VolumetricCloud SpatiallyLoaded:0 Bounds:IsValid=true, Min=(X=0.000 Y=0.000 Z=820.000), Max=(X=0.000 Y=0.000 Z=820.000) RuntimeGrid:None EditorOnly:0 RuntimeOnly:0 HLODRelevant:0 FolderPath:Lighting FolderGuid:4C9334684BA61B42C769F799D2576455
 |   |   |- Guid:7D15523E4F051BBD26DB3089E0BD0C7B BaseClass: NativeClass:/Script/Engine.StaticMeshActor Name:StaticMeshActor_UAID_C85ACF005D05F4C201_1893236973 Label:ModularStoneKeepFloorTile6 SpatiallyLoaded:1 Bounds:IsValid=true, Min=(X=700.000 Y=1800.000 Z=0.000), Max=(X=1200.000 Y=2300.000 Z=0.000) RuntimeGrid:None EditorOnly:0 RuntimeOnly:0 HLODRelevant:0
 |   |   |- Guid:822754634D3A813473C0C7AE575B9D92 BaseClass: NativeClass:/Script/Engine.StaticMeshActor Name:StaticMeshActor_UAID_C85ACF005D05F4C201_2000419990 Label:ModularStoneKeepFloorTile12 SpatiallyLoaded:1 Bounds:IsValid=true, Min=(X=700.000 Y=2800.000 Z=0.000), Max=(X=1200.000 Y=3300.000 Z=0.000) RuntimeGrid:None EditorOnly:0 RuntimeOnly:0 HLODRelevant:0
 |   |   |- Guid:84F3A4A24AD40F5184C8ED919A44C587 BaseClass: NativeClass:/Script/Engine.SkyLight Name:SkyLight_1 Label:SkyLight SpatiallyLoaded:0 Bounds:IsValid=true, Min=(X=0.000 Y=0.000 Z=690.000), Max=(X=0.000 Y=0.000 Z=690.000) RuntimeGrid:None EditorOnly:0 RuntimeOnly:0 HLODRelevant:0 FolderPath:Lighting FolderGuid:4C9334684BA61B42C769F799D2576455
 |   |   |- Guid:851E1471458BA22C55AE098D878685A4 BaseClass: NativeClass:/Script/Engine.WorldDataLayers Name:WorldDataLayers Label:WorldDataLayers SpatiallyLoaded:0 Bounds:IsValid=true, Min=(X=0.000 Y=0.000 Z=0.000), Max=(X=0.000 Y=0.000 Z=0.000) RuntimeGrid:None EditorOnly:0 RuntimeOnly:0 HLODRelevant:0
 |   |   |- Guid:85D7EFA24CC7BB75EB34C88DB656FB3A BaseClass: NativeClass:/Script/Engine.StaticMeshActor Name:StaticMeshActor_UAID_C85ACF005D05F7C201_1508686496 Label:ModularStoneKeepWall5 SpatiallyLoaded:1 Bounds:IsValid=true, Min=(X=2200.000 Y=1200.000 Z=-0.000), Max=(X=2700.000 Y=1300.000 Z=300.000) RuntimeGrid:None EditorOnly:0 RuntimeOnly:0 HLODRelevant:1
 |   |   |- Guid:8855D756405E221ABC111A9E8B64C7FB BaseClass: NativeClass:/Script/Engine.SkyAtmosphere Name:SkyAtmosphere_1 Label:SkyAtmosphere SpatiallyLoaded:0 Bounds:IsValid=true, Min=(X=0.000 Y=0.000 Z=1020.000), Max=(X=0.000 Y=0.000 Z=1020.000) RuntimeGrid:None EditorOnly:0 RuntimeOnly:0 HLODRelevant:0 FolderPath:Lighting FolderGuid:4C9334684BA61B42C769F799D2576455
 |   |   |- Guid:887E3AE341D06CB6EE65828010CFFA3B BaseClass: NativeClass:/Script/Engine.StaticMeshActor Name:StaticMeshActor_UAID_C85ACF005D05F4C201_1783158970 Label:ModularStoneKeepFloorTile4 SpatiallyLoaded:1 Bounds:IsValid=true, Min=(X=1700.000 Y=1800.000 Z=0.000), Max=(X=2200.000 Y=2300.000 Z=0.000) RuntimeGrid:None EditorOnly:0 RuntimeOnly:0 HLODRelevant:0
 |   |   |- Guid:888367AC443584785BE3998EA79EFD80 BaseClass: NativeClass:/Script/Engine.StaticMeshActor Name:StaticMeshActor_UAID_C85ACF005D05F4C201_1986928982 Label:ModularStoneKeepArchSegment10 SpatiallyLoaded:1 Bounds:IsValid=true, Min=(X=2190.568 Y=2150.000 Z=-2.328), Max=(X=2312.289 Y=2400.000 Z=300.000) RuntimeGrid:None EditorOnly:0 RuntimeOnly:0 HLODRelevant:0
 |   |   |- Guid:95D90F3340B9681B2E15F3B4D6109D61 BaseClass: NativeClass:/Script/Engine.StaticMeshActor Name:StaticMeshActor_UAID_C85ACF005D05F4C201_1970919975 Label:ModularStoneKeepArchSegment3 SpatiallyLoaded:1 Bounds:IsValid=true, Min=(X=1200.000 Y=1287.711 Z=-2.328), Max=(X=1450.000 Y=1409.432 Z=300.000) RuntimeGrid:None EditorOnly:0 RuntimeOnly:0 HLODRelevant:0
 |   |   |- Guid:9CF8D0254F246DE97D04F8BD8CE6B949 BaseClass: NativeClass:/Script/Engine.StaticMeshActor Name:StaticMeshActor_UAID_C85ACF005D05F4C201_1986927980 Label:ModularStoneKeepArchSegment8 SpatiallyLoaded:1 Bounds:IsValid=true, Min=(X=2190.568 Y=2650.000 Z=-2.328), Max=(X=2312.289 Y=2900.000 Z=300.000) RuntimeGrid:None EditorOnly:0 RuntimeOnly:0 HLODRelevant:0
 |   |   |- Guid:A089298644DB792486E13183E4933370 BaseClass: NativeClass:/Script/Engine.StaticMeshActor Name:StaticMeshActor_UAID_C85ACF005D05F4C201_2000417986 Label:ModularStoneKeepFloorTile8 SpatiallyLoaded:1 Bounds:IsValid=true, Min=(X=1200.000 Y=2800.000 Z=0.000), Max=(X=1700.000 Y=3300.000 Z=0.000) RuntimeGrid:None EditorOnly:0 RuntimeOnly:0 HLODRelevant:0
 |   |   |- Guid:A22E502042F7D49251F43DBC67642848 BaseClass: NativeClass:/Script/Engine.StaticMeshActor Name:StaticMeshActor_UAID_C85ACF005D05F7C201_1540218499 Label:ModularStoneBrickPillar6 SpatiallyLoaded:1 Bounds:IsValid=true, Min=(X=2175.000 Y=1274.929 Z=297.825), Max=(X=2225.000 Y=1325.000 Z=602.967) RuntimeGrid:None EditorOnly:0 RuntimeOnly:0 HLODRelevant:1
 |   |   |- Guid:AAB600CC4C7E109A5C69089B3B4358E8 BaseClass: NativeClass:/Script/Engine.StaticMeshActor Name:StaticMeshActor_UAID_C85ACF005D05F4C201_1783157969 Label:ModularStoneKeepFloorTile3 SpatiallyLoaded:1 Bounds:IsValid=true, Min=(X=1700.000 Y=1300.000 Z=0.000), Max=(X=2200.000 Y=1800.000 Z=0.000) RuntimeGrid:None EditorOnly:0 RuntimeOnly:0 HLODRelevant:0
 |   |   |- Guid:B156495C465893B20BF0638D40416349 BaseClass: NativeClass:/Script/Engine.StaticMeshActor Name:StaticMeshActor_UAID_C85ACF005D05F4C201_2000416985 Label:ModularStoneKeepFloorTile7 SpatiallyLoaded:1 Bounds:IsValid=true, Min=(X=1200.000 Y=2300.000 Z=0.000), Max=(X=1700.000 Y=2800.000 Z=0.000) RuntimeGrid:None EditorOnly:0 RuntimeOnly:0 HLODRelevant:0
 |   |   |- Guid:B2D0EFC44106CE79CE4C34A76526A993 BaseClass: NativeClass:/Script/Engine.StaticMeshActor Name:StaticMeshActor_UAID_C85ACF005D05F7C201_1540222506 Label:ModularStoneKeepWall8 SpatiallyLoaded:1 Bounds:IsValid=true, Min=(X=1700.000 Y=1250.000 Z=300.000), Max=(X=2200.000 Y=1300.000 Z=600.000) RuntimeGrid:None EditorOnly:0 RuntimeOnly:0 HLODRelevant:0
 |   |   |- Guid:B70331BB44D7EE4BB33DF7895F4FF291 BaseClass: NativeClass:/Script/Engine.StaticMeshActor Name:StaticMeshActor_UAID_C85ACF005D05F7C201_1540218498 Label:ModularStoneKeepWall6 SpatiallyLoaded:1 Bounds:IsValid=true, Min=(X=700.000 Y=1200.000 Z=300.000), Max=(X=1200.000 Y=1300.000 Z=600.000) RuntimeGrid:None EditorOnly:0 RuntimeOnly:0 HLODRelevant:1
 |   |   |- Guid:BC3F056149A7B3CE183667A3D73AB064 BaseClass: NativeClass:/Script/Engine.StaticMeshActor Name:StaticMeshActor_UAID_C85ACF005D05F4C201_2052652999 Label:ModularStoneBrickPillar3 SpatiallyLoaded:1 Bounds:IsValid=true, Min=(X=3175.000 Y=1775.000 Z=297.825), Max=(X=3225.071 Y=1825.000 Z=602.967) RuntimeGrid:None EditorOnly:0 RuntimeOnly:0 HLODRelevant:1
 |   |   |- Guid:BE0D88A94C47BE7C3BDE568BC077C505 BaseClass: NativeClass:/Script/Engine.StaticMeshActor Name:StaticMeshActor_UAID_C85ACF005D05F4C201_2008439993 Label:ModularStoneKeepFloorTile15 SpatiallyLoaded:1 Bounds:IsValid=true, Min=(X=2200.000 Y=2300.000 Z=0.000), Max=(X=2700.000 Y=2800.000 Z=0.000) RuntimeGrid:None EditorOnly:0 RuntimeOnly:0 HLODRelevant:0
 |   |   |- Guid:C3F0CADA4E95267B94373989A762726D BaseClass: NativeClass:/Script/Engine.PostProcessVolume Name:PostProcessVolume_1 Label:PostProcessVolume SpatiallyLoaded:0 Bounds:IsValid=true, Min=(X=0.000 Y=0.000 Z=400.000), Max=(X=200.000 Y=200.000 Z=600.000) RuntimeGrid:None EditorOnly:0 RuntimeOnly:0 HLODRelevant:0 FolderPath:Lighting FolderGuid:4C9334684BA61B42C769F799D2576455
 |   |   |- Guid:C925E505453C444700EC41B80639D842 BaseClass: NativeClass:/Script/Engine.StaticMeshActor Name:StaticMeshActor_UAID_C85ACF005D05F4C201_2008438992 Label:ModularStoneKeepFloorTile14 SpatiallyLoaded:1 Bounds:IsValid=true, Min=(X=2200.000 Y=1800.000 Z=0.000), Max=(X=2700.000 Y=2300.000 Z=0.000) RuntimeGrid:None EditorOnly:0 RuntimeOnly:0 HLODRelevant:0
 |   |   |- Guid:CA5BEE1541FFE44655B69E83891A651E BaseClass: NativeClass:/Script/Engine.StaticMeshActor Name:StaticMeshActor_UAID_C85ACF005D05F7C201_1540221503 Label:ModularStoneBrickPillar7 SpatiallyLoaded:1 Bounds:IsValid=true, Min=(X=675.000 Y=1274.929 Z=297.825), Max=(X=725.000 Y=1325.000 Z=602.967) RuntimeGrid:None EditorOnly:0 RuntimeOnly:0 HLODRelevant:1
 |   |   |- Guid:CD34C958432788D4D5A045BD276F7D41 BaseClass: NativeClass:/Script/AIModule.NavLinkProxy Name:NavLinkProxy_3 Label:NavLinkProxy3 SpatiallyLoaded:1 Bounds:IsValid=true, Min=(X=2240.000 Y=1030.000 Z=90.000), Max=(X=2240.000 Y=1030.000 Z=90.000) RuntimeGrid:None EditorOnly:0 RuntimeOnly:0 HLODRelevant:0 FolderPath:Navigation FolderGuid:AE45D61F453CC144CF8289862C276E89
 |   |   |- Guid:CDB4424F4E6B986E8E2E40A7742597BE BaseClass: NativeClass:/Script/Engine.StaticMeshActor Name:StaticMeshActor_UAID_C85ACF005D05F4C201_2031400996 Label:ModularStoneBrickPillar SpatiallyLoaded:1 Bounds:IsValid=true, Min=(X=2275.000 Y=1875.000 Z=297.825), Max=(X=2375.000 Y=1925.000 Z=628.169) RuntimeGrid:None EditorOnly:0 RuntimeOnly:0 HLODRelevant:0
 |   |   |- Guid:D36776AC463BF7010F55ED8F78AE8D51 BaseClass: NativeClass:/Script/Engine.StaticMeshActor Name:StaticMeshActor_UAID_C85ACF005D05F4C201_2000418988 Label:ModularStoneKeepFloorTile10 SpatiallyLoaded:1 Bounds:IsValid=true, Min=(X=1700.000 Y=2800.000 Z=0.000), Max=(X=2200.000 Y=3300.000 Z=0.000) RuntimeGrid:None EditorOnly:0 RuntimeOnly:0 HLODRelevant:0
 |   |   |- Guid:D38B24094643D5C8117059A1B58C7CB7 BaseClass: NativeClass:/Script/Engine.StaticMeshActor Name:StaticMeshActor_UAID_C85ACF005D05F4C201_2045953997 Label:ModularStoneBrickPillar2 SpatiallyLoaded:1 Bounds:IsValid=true, Min=(X=3175.000 Y=1275.000 Z=297.825), Max=(X=3225.071 Y=1325.000 Z=602.967) RuntimeGrid:None EditorOnly:0 RuntimeOnly:0 HLODRelevant:1
 |   |   |- Guid:D8762A4D44CB720BAA3408A72CF3700B BaseClass: NativeClass:/Script/Engine.StaticMeshActor Name:StaticMeshActor_UAID_C85ACF005D05F4C201_1970920976 Label:ModularStoneKeepArchSegment4 SpatiallyLoaded:1 Bounds:IsValid=true, Min=(X=1450.000 Y=1287.711 Z=-2.328), Max=(X=1700.000 Y=1409.432 Z=300.000) RuntimeGrid:None EditorOnly:0 RuntimeOnly:0 HLODRelevant:0
 |   |   |- Guid:D976B1574B33DD70E6005D88B88F289A BaseClass: NativeClass:/Script/Engine.PlayerStart Name:PlayerStart_0 Label:PlayerStart SpatiallyLoaded:0 Bounds:IsValid=true, Min=(X=960.000 Y=1770.000 Z=0.013), Max=(X=1040.000 Y=1850.000 Z=184.013) RuntimeGrid:None EditorOnly:0 RuntimeOnly:0 HLODRelevant:0
 |   |   |- Guid:DF10C6DD4006568C37CC47A932E9E9E9 BaseClass: NativeClass:/Script/Engine.StaticMeshActor Name:StaticMeshActor_UAID_C85ACF005D05F7C201_1540222505 Label:ModularStoneKeepRoofTile6 SpatiallyLoaded:1 Bounds:IsValid=true, Min=(X=1200.000 Y=1163.013 Z=554.282), Max=(X=1700.000 Y=1375.000 Z=829.813) RuntimeGrid:None EditorOnly:0 RuntimeOnly:0 HLODRelevant:0
 |   |   |- Guid:E198480D443F8A16B0AC1DA3D4DE8A84 BaseClass: NativeClass:/Script/Engine.StaticMeshActor Name:StaticMeshActor_UAID_C85ACF005D05F4C201_1893234972 Label:ModularStoneKeepFloorTile5 SpatiallyLoaded:1 Bounds:IsValid=true, Min=(X=700.000 Y=1300.000 Z=0.000), Max=(X=1200.000 Y=1800.000 Z=0.000) RuntimeGrid:None EditorOnly:0 RuntimeOnly:0 HLODRelevant:0
 |   |   |- Guid:E33517754FA4A1CB119C03B3DB88B142 BaseClass: NativeClass:/Script/Engine.StaticMeshActor Name:StaticMeshActor_UAID_C85ACF005D05F7C201_1540221504 Label:ModularStoneBrickPillar8 SpatiallyLoaded:1 Bounds:IsValid=true, Min=(X=1175.000 Y=1274.929 Z=297.825), Max=(X=1225.000 Y=1325.000 Z=602.967) RuntimeGrid:None EditorOnly:0 RuntimeOnly:0 HLODRelevant:1
 |   |   |- Guid:E74CAA5C43D5469F5089E8870F48BD51 BaseClass: NativeClass:/Script/Engine.StaticMeshActor Name:StaticMeshActor_UAID_C85ACF005D05F4C201_2072203004 Label:ModularStoneKeepRoofTile3 SpatiallyLoaded:1 Bounds:IsValid=true, Min=(X=2225.000 Y=1400.000 Z=554.282), Max=(X=2436.987 Y=1900.000 Z=829.813) RuntimeGrid:None EditorOnly:0 RuntimeOnly:0 HLODRelevant:0
 |   |   |- Guid:FD50265B40CDA152E019AD940558F698 BaseClass: NativeClass:/Script/Engine.StaticMeshActor Name:StaticMeshActor_UAID_C85ACF005D05F4C201_1986926979 Label:ModularStoneKeepArchSegment7 SpatiallyLoaded:1 Bounds:IsValid=true, Min=(X=2190.568 Y=2400.000 Z=-2.328), Max=(X=2312.289 Y=2650.000 Z=300.000) RuntimeGrid:None EditorOnly:0 RuntimeOnly:0 HLODRelevant:0
 |   |   |- Guid:FFFAF25C4CD9D3C776D1848DF914FAF1 BaseClass: NativeClass:/Script/Engine.DirectionalLight Name:DirectionalLight_1 Label:DirectionalLight SpatiallyLoaded:0 Bounds:IsValid=true, Min=(X=-4398046511104.000 Y=-4398046511104.000 Z=-4398046511104.000), Max=(X=4398046511104.000 Y=4398046511104.000 Z=4398046511104.000) RuntimeGrid:None EditorOnly:0 RuntimeOnly:0 HLODRelevant:0 FolderPath:Lighting FolderGuid:4C9334684BA61B42C769F799D2576455
 |   |- [+] Clusters:
 |   |   |- [+] [  0]
 |   |   |   |- Guid:741DF46C4F55BEBDC2FF0A9294C6E697 BaseClass: NativeClass:/Script/Engine.VolumetricCloud Name:VolumetricCloud_0 Label:VolumetricCloud SpatiallyLoaded:0 Bounds:IsValid=true, Min=(X=0.000 Y=0.000 Z=820.000), Max=(X=0.000 Y=0.000 Z=820.000) RuntimeGrid:None EditorOnly:0 RuntimeOnly:0 HLODRelevant:0 FolderPath:Lighting FolderGuid:4C9334684BA61B42C769F799D2576455
 |   |   |- [+] [  1]
 |   |   |   |- Guid:B70331BB44D7EE4BB33DF7895F4FF291 BaseClass: NativeClass:/Script/Engine.StaticMeshActor Name:StaticMeshActor_UAID_C85ACF005D05F7C201_1540218498 Label:ModularStoneKeepWall6 SpatiallyLoaded:1 Bounds:IsValid=true, Min=(X=700.000 Y=1200.000 Z=300.000), Max=(X=1200.000 Y=1300.000 Z=600.000) RuntimeGrid:None EditorOnly:0 RuntimeOnly:0 HLODRelevant:1
 |   |   |- [+] [  2]
 |   |   |   |- Guid:B156495C465893B20BF0638D40416349 BaseClass: NativeClass:/Script/Engine.StaticMeshActor Name:StaticMeshActor_UAID_C85ACF005D05F4C201_2000416985 Label:ModularStoneKeepFloorTile7 SpatiallyLoaded:1 Bounds:IsValid=true, Min=(X=1200.000 Y=2300.000 Z=0.000), Max=(X=1700.000 Y=2800.000 Z=0.000) RuntimeGrid:None EditorOnly:0 RuntimeOnly:0 HLODRelevant:0
 |   |   |- [+] [  3]
 |   |   |   |- Guid:294CFC094ED19BA8FA07519CD294AB5A BaseClass: NativeClass:/Script/Engine.StaticMeshActor Name:StaticMeshActor_UAID_C85ACF005D05F7C201_1493856495 Label:ModularStoneKeepWall4 SpatiallyLoaded:1 Bounds:IsValid=true, Min=(X=2700.000 Y=900.000 Z=-0.000), Max=(X=2800.000 Y=1400.000 Z=300.000) RuntimeGrid:None EditorOnly:0 RuntimeOnly:0 HLODRelevant:1
 |   |   |- [+] [  4]
 |   |   |   |- Guid:18CCF0E842FD4AA810E8B7B8F9B76DB0 BaseClass: NativeClass:/Script/Engine.StaticMeshActor Name:StaticMeshActor_UAID_C85ACF005D05F4C201_1885645971 Label:ModularStoneKeepArchSegment SpatiallyLoaded:1 Bounds:IsValid=true, Min=(X=1700.000 Y=1287.711 Z=-2.328), Max=(X=1950.000 Y=1409.432 Z=300.000) RuntimeGrid:None EditorOnly:0 RuntimeOnly:0 HLODRelevant:0
 |   |   |- [+] [  5]
 |   |   |   |- Guid:D976B1574B33DD70E6005D88B88F289A BaseClass: NativeClass:/Script/Engine.PlayerStart Name:PlayerStart_0 Label:PlayerStart SpatiallyLoaded:0 Bounds:IsValid=true, Min=(X=960.000 Y=1770.000 Z=0.013), Max=(X=1040.000 Y=1850.000 Z=184.013) RuntimeGrid:None EditorOnly:0 RuntimeOnly:0 HLODRelevant:0
 |   |   |- [+] [  6]
 |   |   |   |- Guid:6573D08E4D941B7AB4CF439E7422987E BaseClass: NativeClass:/Script/Engine.StaticMeshActor Name:StaticMeshActor_UAID_C85ACF005D05F4C201_1973750977 Label:ModularStoneKeepArchSegment5 SpatiallyLoaded:1 Bounds:IsValid=true, Min=(X=700.000 Y=1287.711 Z=-2.328), Max=(X=950.000 Y=1409.432 Z=300.000) RuntimeGrid:None EditorOnly:0 RuntimeOnly:0 HLODRelevant:0
 |   |   |- [+] [  7]
 |   |   |   |- Guid:64CE0D634244E201FB908986D0B05BFF BaseClass: NativeClass:/Script/Engine.StaticMeshActor Name:StaticMeshActor_UAID_C85ACF005D05F4C201_2000418987 Label:ModularStoneKeepFloorTile9 SpatiallyLoaded:1 Bounds:IsValid=true, Min=(X=1700.000 Y=2300.000 Z=0.000), Max=(X=2200.000 Y=2800.000 Z=0.000) RuntimeGrid:None EditorOnly:0 RuntimeOnly:0 HLODRelevant:0
 |   |   |- [+] [  8]
 |   |   |   |- Guid:7D15523E4F051BBD26DB3089E0BD0C7B BaseClass: NativeClass:/Script/Engine.StaticMeshActor Name:StaticMeshActor_UAID_C85ACF005D05F4C201_1893236973 Label:ModularStoneKeepFloorTile6 SpatiallyLoaded:1 Bounds:IsValid=true, Min=(X=700.000 Y=1800.000 Z=0.000), Max=(X=1200.000 Y=2300.000 Z=0.000) RuntimeGrid:None EditorOnly:0 RuntimeOnly:0 HLODRelevant:0
 |   |   |- [+] [  9]
 |   |   |   |- Guid:BC3F056149A7B3CE183667A3D73AB064 BaseClass: NativeClass:/Script/Engine.StaticMeshActor Name:StaticMeshActor_UAID_C85ACF005D05F4C201_2052652999 Label:ModularStoneBrickPillar3 SpatiallyLoaded:1 Bounds:IsValid=true, Min=(X=3175.000 Y=1775.000 Z=297.825), Max=(X=3225.071 Y=1825.000 Z=602.967) RuntimeGrid:None EditorOnly:0 RuntimeOnly:0 HLODRelevant:1
 |   |   |- [+] [ 10]
 |   |   |   |- Guid:FD50265B40CDA152E019AD940558F698 BaseClass: NativeClass:/Script/Engine.StaticMeshActor Name:StaticMeshActor_UAID_C85ACF005D05F4C201_1986926979 Label:ModularStoneKeepArchSegment7 SpatiallyLoaded:1 Bounds:IsValid=true, Min=(X=2190.568 Y=2400.000 Z=-2.328), Max=(X=2312.289 Y=2650.000 Z=300.000) RuntimeGrid:None EditorOnly:0 RuntimeOnly:0 HLODRelevant:0
 |   |   |- [+] [ 11]
 |   |   |   |- Guid:B2D0EFC44106CE79CE4C34A76526A993 BaseClass: NativeClass:/Script/Engine.StaticMeshActor Name:StaticMeshActor_UAID_C85ACF005D05F7C201_1540222506 Label:ModularStoneKeepWall8 SpatiallyLoaded:1 Bounds:IsValid=true, Min=(X=1700.000 Y=1250.000 Z=300.000), Max=(X=2200.000 Y=1300.000 Z=600.000) RuntimeGrid:None EditorOnly:0 RuntimeOnly:0 HLODRelevant:0
 |   |   |- [+] [ 12]
 |   |   |   |- Guid:8855D756405E221ABC111A9E8B64C7FB BaseClass: NativeClass:/Script/Engine.SkyAtmosphere Name:SkyAtmosphere_1 Label:SkyAtmosphere SpatiallyLoaded:0 Bounds:IsValid=true, Min=(X=0.000 Y=0.000 Z=1020.000), Max=(X=0.000 Y=0.000 Z=1020.000) RuntimeGrid:None EditorOnly:0 RuntimeOnly:0 HLODRelevant:0 FolderPath:Lighting FolderGuid:4C9334684BA61B42C769F799D2576455
 |   |   |- [+] [ 13]
 |   |   |   |- Guid:887E3AE341D06CB6EE65828010CFFA3B BaseClass: NativeClass:/Script/Engine.StaticMeshActor Name:StaticMeshActor_UAID_C85ACF005D05F4C201_1783158970 Label:ModularStoneKeepFloorTile4 SpatiallyLoaded:1 Bounds:IsValid=true, Min=(X=1700.000 Y=1800.000 Z=0.000), Max=(X=2200.000 Y=2300.000 Z=0.000) RuntimeGrid:None EditorOnly:0 RuntimeOnly:0 HLODRelevant:0
 |   |   |- [+] [ 14]
 |   |   |   |- Guid:85D7EFA24CC7BB75EB34C88DB656FB3A BaseClass: NativeClass:/Script/Engine.StaticMeshActor Name:StaticMeshActor_UAID_C85ACF005D05F7C201_1508686496 Label:ModularStoneKeepWall5 SpatiallyLoaded:1 Bounds:IsValid=true, Min=(X=2200.000 Y=1200.000 Z=-0.000), Max=(X=2700.000 Y=1300.000 Z=300.000) RuntimeGrid:None EditorOnly:0 RuntimeOnly:0 HLODRelevant:1
 |   |   |- [+] [ 15]
 |   |   |   |- Guid:21F5A8944BF08E4EC00B36A00EE2C065 BaseClass: NativeClass:/Script/Engine.StaticMeshActor Name:StaticMeshActor_UAID_C85ACF005D05F4C201_2018345995 Label:ModularStoneKeepWall SpatiallyLoaded:1 Bounds:IsValid=true, Min=(X=3200.000 Y=1300.000 Z=300.000), Max=(X=3300.000 Y=1800.000 Z=600.000) RuntimeGrid:None EditorOnly:0 RuntimeOnly:0 HLODRelevant:1
 |   |   |- [+] [ 16]
 |   |   |   |- Guid:888367AC443584785BE3998EA79EFD80 BaseClass: NativeClass:/Script/Engine.StaticMeshActor Name:StaticMeshActor_UAID_C85ACF005D05F4C201_1986928982 Label:ModularStoneKeepArchSegment10 SpatiallyLoaded:1 Bounds:IsValid=true, Min=(X=2190.568 Y=2150.000 Z=-2.328), Max=(X=2312.289 Y=2400.000 Z=300.000) RuntimeGrid:None EditorOnly:0 RuntimeOnly:0 HLODRelevant:0
 |   |   |- [+] [ 17]
 |   |   |   |- Guid:95D90F3340B9681B2E15F3B4D6109D61 BaseClass: NativeClass:/Script/Engine.StaticMeshActor Name:StaticMeshActor_UAID_C85ACF005D05F4C201_1970919975 Label:ModularStoneKeepArchSegment3 SpatiallyLoaded:1 Bounds:IsValid=true, Min=(X=1200.000 Y=1287.711 Z=-2.328), Max=(X=1450.000 Y=1409.432 Z=300.000) RuntimeGrid:None EditorOnly:0 RuntimeOnly:0 HLODRelevant:0
 |   |   |- [+] [ 18]
 |   |   |   |- Guid:0000B8FB45F358B775CD9C97E1C35E19 BaseClass: NativeClass:/Script/Engine.StaticMeshActor Name:StaticMeshActor_UAID_C85ACF005D05F4C201_2054836001 Label:ModularStoneBrickPillar4 SpatiallyLoaded:1 Bounds:IsValid=true, Min=(X=2275.000 Y=2875.000 Z=297.825), Max=(X=2375.000 Y=2925.000 Z=628.169) RuntimeGrid:None EditorOnly:0 RuntimeOnly:0 HLODRelevant:0
 |   |   |- [+] [ 19]
 |   |   |   |- Guid:E33517754FA4A1CB119C03B3DB88B142 BaseClass: NativeClass:/Script/Engine.StaticMeshActor Name:StaticMeshActor_UAID_C85ACF005D05F7C201_1540221504 Label:ModularStoneBrickPillar8 SpatiallyLoaded:1 Bounds:IsValid=true, Min=(X=1175.000 Y=1274.929 Z=297.825), Max=(X=1225.000 Y=1325.000 Z=602.967) RuntimeGrid:None EditorOnly:0 RuntimeOnly:0 HLODRelevant:1
 |   |   |- [+] [ 20]
 |   |   |   |- Guid:E74CAA5C43D5469F5089E8870F48BD51 BaseClass: NativeClass:/Script/Engine.StaticMeshActor Name:StaticMeshActor_UAID_C85ACF005D05F4C201_2072203004 Label:ModularStoneKeepRoofTile3 SpatiallyLoaded:1 Bounds:IsValid=true, Min=(X=2225.000 Y=1400.000 Z=554.282), Max=(X=2436.987 Y=1900.000 Z=829.813) RuntimeGrid:None EditorOnly:0 RuntimeOnly:0 HLODRelevant:0
 |   |   |- [+] [ 21]
 |   |   |   |- Guid:07F89A3648997B5352AFE2969BC3A444 BaseClass: NativeClass:/Script/Engine.StaticMeshActor Name:StaticMeshActor_UAID_C85ACF005D05F4C201_1986928981 Label:ModularStoneKeepArchSegment9 SpatiallyLoaded:1 Bounds:IsValid=true, Min=(X=2190.568 Y=1900.000 Z=-2.328), Max=(X=2312.289 Y=2150.000 Z=300.000) RuntimeGrid:None EditorOnly:0 RuntimeOnly:0 HLODRelevant:0
 |   |   |- [+] [ 22]
 |   |   |   |- Guid:01FDE9674A556F5921392B8201AE0062 BaseClass: NativeClass:/Script/Engine.StaticMeshActor Name:StaticMeshActor_UAID_C85ACF005D05F7C201_1540219501 Label:ModularStoneKeepWall7 SpatiallyLoaded:1 Bounds:IsValid=true, Min=(X=1200.000 Y=1250.000 Z=300.000), Max=(X=1700.000 Y=1300.000 Z=600.000) RuntimeGrid:None EditorOnly:0 RuntimeOnly:0 HLODRelevant:0
 |   |   |- [+] [ 23]
 |   |   |   |- Guid:D36776AC463BF7010F55ED8F78AE8D51 BaseClass: NativeClass:/Script/Engine.StaticMeshActor Name:StaticMeshActor_UAID_C85ACF005D05F4C201_2000418988 Label:ModularStoneKeepFloorTile10 SpatiallyLoaded:1 Bounds:IsValid=true, Min=(X=1700.000 Y=2800.000 Z=0.000), Max=(X=2200.000 Y=3300.000 Z=0.000) RuntimeGrid:None EditorOnly:0 RuntimeOnly:0 HLODRelevant:0
 |   |   |- [+] [ 24]
 |   |   |   |- Guid:672C946D414DD6B13424DE81DAA09CB2 BaseClass: NativeClass:/Script/Engine.StaticMeshActor Name:StaticMeshActor_UAID_C85ACF005D05F4C201_2052650998 Label:ModularStoneKeepWall2 SpatiallyLoaded:1 Bounds:IsValid=true, Min=(X=2300.000 Y=1900.000 Z=300.000), Max=(X=2350.000 Y=2400.000 Z=600.000) RuntimeGrid:None EditorOnly:0 RuntimeOnly:0 HLODRelevant:0
 |   |   |- [+] [ 25]
 |   |   |   |- Guid:135BEFF84CF4067E36764F94284D804F BaseClass: NativeClass:/Script/Engine.StaticMeshActor Name:StaticMeshActor_UAID_C85ACF005D05F4C201_1973751978 Label:ModularStoneKeepArchSegment6 SpatiallyLoaded:1 Bounds:IsValid=true, Min=(X=950.000 Y=1287.711 Z=-2.328), Max=(X=1200.000 Y=1409.432 Z=300.000) RuntimeGrid:None EditorOnly:0 RuntimeOnly:0 HLODRelevant:0
 |   |   |- [+] [ 26]
 |   |   |   |- Guid:BE0D88A94C47BE7C3BDE568BC077C505 BaseClass: NativeClass:/Script/Engine.StaticMeshActor Name:StaticMeshActor_UAID_C85ACF005D05F4C201_2008439993 Label:ModularStoneKeepFloorTile15 SpatiallyLoaded:1 Bounds:IsValid=true, Min=(X=2200.000 Y=2300.000 Z=0.000), Max=(X=2700.000 Y=2800.000 Z=0.000) RuntimeGrid:None EditorOnly:0 RuntimeOnly:0 HLODRelevant:0
 |   |   |- [+] [ 27]
 |   |   |   |- Guid:434A3B154C955BB4C3811EA1DCE5CA33 BaseClass: NativeClass:/Script/Engine.StaticMeshActor Name:StaticMeshActor_UAID_C85ACF005D05F4C201_1779620968 Label:ModularStoneKeepFloorTile2 SpatiallyLoaded:1 Bounds:IsValid=true, Min=(X=1200.000 Y=1800.000 Z=0.000), Max=(X=1700.000 Y=2300.000 Z=0.000) RuntimeGrid:None EditorOnly:0 RuntimeOnly:0 HLODRelevant:0
 |   |   |- [+] [ 28]
 |   |   |   |- Guid:A089298644DB792486E13183E4933370 BaseClass: NativeClass:/Script/Engine.StaticMeshActor Name:StaticMeshActor_UAID_C85ACF005D05F4C201_2000417986 Label:ModularStoneKeepFloorTile8 SpatiallyLoaded:1 Bounds:IsValid=true, Min=(X=1200.000 Y=2800.000 Z=0.000), Max=(X=1700.000 Y=3300.000 Z=0.000) RuntimeGrid:None EditorOnly:0 RuntimeOnly:0 HLODRelevant:0
 |   |   |- [+] [ 29]
 |   |   |   |- Guid:CA5BEE1541FFE44655B69E83891A651E BaseClass: NativeClass:/Script/Engine.StaticMeshActor Name:StaticMeshActor_UAID_C85ACF005D05F7C201_1540221503 Label:ModularStoneBrickPillar7 SpatiallyLoaded:1 Bounds:IsValid=true, Min=(X=675.000 Y=1274.929 Z=297.825), Max=(X=725.000 Y=1325.000 Z=602.967) RuntimeGrid:None EditorOnly:0 RuntimeOnly:0 HLODRelevant:1
 |   |   |- [+] [ 30]
 |   |   |   |- Guid:822754634D3A813473C0C7AE575B9D92 BaseClass: NativeClass:/Script/Engine.StaticMeshActor Name:StaticMeshActor_UAID_C85ACF005D05F4C201_2000419990 Label:ModularStoneKeepFloorTile12 SpatiallyLoaded:1 Bounds:IsValid=true, Min=(X=700.000 Y=2800.000 Z=0.000), Max=(X=1200.000 Y=3300.000 Z=0.000) RuntimeGrid:None EditorOnly:0 RuntimeOnly:0 HLODRelevant:0
 |   |   |- [+] [ 31]
 |   |   |   |- Guid:C925E505453C444700EC41B80639D842 BaseClass: NativeClass:/Script/Engine.StaticMeshActor Name:StaticMeshActor_UAID_C85ACF005D05F4C201_2008438992 Label:ModularStoneKeepFloorTile14 SpatiallyLoaded:1 Bounds:IsValid=true, Min=(X=2200.000 Y=1800.000 Z=0.000), Max=(X=2700.000 Y=2300.000 Z=0.000) RuntimeGrid:None EditorOnly:0 RuntimeOnly:0 HLODRelevant:0
 |   |   |- [+] [ 32]
 |   |   |   |- Guid:CD34C958432788D4D5A045BD276F7D41 BaseClass: NativeClass:/Script/AIModule.NavLinkProxy Name:NavLinkProxy_3 Label:NavLinkProxy3 SpatiallyLoaded:1 Bounds:IsValid=true, Min=(X=2240.000 Y=1030.000 Z=90.000), Max=(X=2240.000 Y=1030.000 Z=90.000) RuntimeGrid:None EditorOnly:0 RuntimeOnly:0 HLODRelevant:0 FolderPath:Navigation FolderGuid:AE45D61F453CC144CF8289862C276E89
 |   |   |- [+] [ 33]
 |   |   |   |- Guid:FFFAF25C4CD9D3C776D1848DF914FAF1 BaseClass: NativeClass:/Script/Engine.DirectionalLight Name:DirectionalLight_1 Label:DirectionalLight SpatiallyLoaded:0 Bounds:IsValid=true, Min=(X=-4398046511104.000 Y=-4398046511104.000 Z=-4398046511104.000), Max=(X=4398046511104.000 Y=4398046511104.000 Z=4398046511104.000) RuntimeGrid:None EditorOnly:0 RuntimeOnly:0 HLODRelevant:0 FolderPath:Lighting FolderGuid:4C9334684BA61B42C769F799D2576455
 |   |   |- [+] [ 34]
 |   |   |   |- Guid:305AD503427521A2DD35938C249767BE BaseClass: NativeClass:/Script/Engine.StaticMeshActor Name:StaticMeshActor_UAID_C85ACF005D05F7C201_1540220502 Label:ModularStoneKeepRoofTile5 SpatiallyLoaded:1 Bounds:IsValid=true, Min=(X=1700.000 Y=1163.013 Z=554.282), Max=(X=2200.000 Y=1375.000 Z=829.813) RuntimeGrid:None EditorOnly:0 RuntimeOnly:0 HLODRelevant:0
 |   |   |- [+] [ 35]
 |   |   |   |- Guid:584D452A40CAD3F1F126DB8563EBCF55 BaseClass: NativeClass:/Script/Engine.StaticMeshActor Name:StaticMeshActor_UAID_C85ACF005D05F4C201_2058828002 Label:ModularStoneKeepRoofTile SpatiallyLoaded:1 Bounds:IsValid=true, Min=(X=2225.000 Y=2400.000 Z=554.282), Max=(X=2436.987 Y=2900.000 Z=829.813) RuntimeGrid:None EditorOnly:0 RuntimeOnly:0 HLODRelevant:0
 |   |   |- [+] [ 36]
 |   |   |   |- Guid:D38B24094643D5C8117059A1B58C7CB7 BaseClass: NativeClass:/Script/Engine.StaticMeshActor Name:StaticMeshActor_UAID_C85ACF005D05F4C201_2045953997 Label:ModularStoneBrickPillar2 SpatiallyLoaded:1 Bounds:IsValid=true, Min=(X=3175.000 Y=1275.000 Z=297.825), Max=(X=3225.071 Y=1325.000 Z=602.967) RuntimeGrid:None EditorOnly:0 RuntimeOnly:0 HLODRelevant:1
 |   |   |- [+] [ 37]
 |   |   |   |- Guid:C3F0CADA4E95267B94373989A762726D BaseClass: NativeClass:/Script/Engine.PostProcessVolume Name:PostProcessVolume_1 Label:PostProcessVolume SpatiallyLoaded:0 Bounds:IsValid=true, Min=(X=0.000 Y=0.000 Z=400.000), Max=(X=200.000 Y=200.000 Z=600.000) RuntimeGrid:None EditorOnly:0 RuntimeOnly:0 HLODRelevant:0 FolderPath:Lighting FolderGuid:4C9334684BA61B42C769F799D2576455
 |   |   |- [+] [ 38]
 |   |   |   |- Guid:30738A2949692FFFFA98949D2876CC47 BaseClass: NativeClass:/Script/Engine.StaticMeshActor Name:StaticMeshActor_UAID_C85ACF005D05F7C201_1540219500 Label:ModularStoneKeepRoofTile4 SpatiallyLoaded:1 Bounds:IsValid=true, Min=(X=700.000 Y=1163.013 Z=554.282), Max=(X=1200.000 Y=1375.000 Z=829.813) RuntimeGrid:None EditorOnly:0 RuntimeOnly:0 HLODRelevant:0
 |   |   |- [+] [ 39]
 |   |   |   |- Guid:1C8DE2EA49A7E91D0AF596A740DCC541 BaseClass: NativeClass:/Script/Engine.StaticMeshActor Name:StaticMeshActor_UAID_C85ACF005D05F4C201_2008439994 Label:ModularStoneKeepFloorTile16 SpatiallyLoaded:1 Bounds:IsValid=true, Min=(X=2200.000 Y=2800.000 Z=0.000), Max=(X=2700.000 Y=3300.000 Z=0.000) RuntimeGrid:None EditorOnly:0 RuntimeOnly:0 HLODRelevant:0
 |   |   |- [+] [ 40]
 |   |   |   |- Guid:E198480D443F8A16B0AC1DA3D4DE8A84 BaseClass: NativeClass:/Script/Engine.StaticMeshActor Name:StaticMeshActor_UAID_C85ACF005D05F4C201_1893234972 Label:ModularStoneKeepFloorTile5 SpatiallyLoaded:1 Bounds:IsValid=true, Min=(X=700.000 Y=1300.000 Z=0.000), Max=(X=1200.000 Y=1800.000 Z=0.000) RuntimeGrid:None EditorOnly:0 RuntimeOnly:0 HLODRelevant:0
 |   |   |- [+] [ 41]
 |   |   |   |- Guid:22E61E6E4A711642D4E53B88744F7BDE BaseClass: NativeClass:/Script/Engine.ExponentialHeightFog Name:ExponentialHeightFog_1 Label:ExponentialHeightFog SpatiallyLoaded:0 Bounds:IsValid=true, Min=(X=-5600.000 Y=-50.000 Z=-6850.000), Max=(X=-5600.000 Y=-50.000 Z=-6850.000) RuntimeGrid:None EditorOnly:0 RuntimeOnly:0 HLODRelevant:0 FolderPath:Lighting FolderGuid:4C9334684BA61B42C769F799D2576455
 |   |   |- [+] [ 42]
 |   |   |   |- Guid:CDB4424F4E6B986E8E2E40A7742597BE BaseClass: NativeClass:/Script/Engine.StaticMeshActor Name:StaticMeshActor_UAID_C85ACF005D05F4C201_2031400996 Label:ModularStoneBrickPillar SpatiallyLoaded:1 Bounds:IsValid=true, Min=(X=2275.000 Y=1875.000 Z=297.825), Max=(X=2375.000 Y=1925.000 Z=628.169) RuntimeGrid:None EditorOnly:0 RuntimeOnly:0 HLODRelevant:0
 |   |   |- [+] [ 43]
 |   |   |   |- Guid:84F3A4A24AD40F5184C8ED919A44C587 BaseClass: NativeClass:/Script/Engine.SkyLight Name:SkyLight_1 Label:SkyLight SpatiallyLoaded:0 Bounds:IsValid=true, Min=(X=0.000 Y=0.000 Z=690.000), Max=(X=0.000 Y=0.000 Z=690.000) RuntimeGrid:None EditorOnly:0 RuntimeOnly:0 HLODRelevant:0 FolderPath:Lighting FolderGuid:4C9334684BA61B42C769F799D2576455
 |   |   |- [+] [ 44]
 |   |   |   |- Guid:A22E502042F7D49251F43DBC67642848 BaseClass: NativeClass:/Script/Engine.StaticMeshActor Name:StaticMeshActor_UAID_C85ACF005D05F7C201_1540218499 Label:ModularStoneBrickPillar6 SpatiallyLoaded:1 Bounds:IsValid=true, Min=(X=2175.000 Y=1274.929 Z=297.825), Max=(X=2225.000 Y=1325.000 Z=602.967) RuntimeGrid:None EditorOnly:0 RuntimeOnly:0 HLODRelevant:1
 |   |   |- [+] [ 45]
 |   |   |   |- Guid:3CB1568640DEAD3138BD5DB8902909FE BaseClass: NativeClass:/Script/Engine.StaticMeshActor Name:StaticMeshActor_UAID_C85ACF005D05F4C201_2069763003 Label:ModularStoneKeepRoofTile2 SpatiallyLoaded:1 Bounds:IsValid=true, Min=(X=2225.000 Y=1900.000 Z=554.282), Max=(X=2436.987 Y=2400.000 Z=829.813) RuntimeGrid:None EditorOnly:0 RuntimeOnly:0 HLODRelevant:0
 |   |   |- [+] [ 46]
 |   |   |   |- Guid:2A2FD0BA4BD54680CC4130938B9B8660 BaseClass: NativeClass:/Script/Engine.StaticMeshActor Name:StaticMeshActor_UAID_C85ACF005D05F4C201_2054835000 Label:ModularStoneKeepWall3 SpatiallyLoaded:1 Bounds:IsValid=true, Min=(X=2300.000 Y=2400.000 Z=300.000), Max=(X=2350.000 Y=2900.000 Z=600.000) RuntimeGrid:None EditorOnly:0 RuntimeOnly:0 HLODRelevant:0
 |   |   |- [+] [ 47]
 |   |   |   |- Guid:1F66E6904E363099B16DEAA3622E7C32 BaseClass: NativeClass:/Script/Engine.StaticMeshActor Name:StaticMeshActor_UAID_C85ACF005D05F4C201_1771760967 Label:ModularStoneKeepFloorTile SpatiallyLoaded:1 Bounds:IsValid=true, Min=(X=1200.000 Y=1300.000 Z=0.000), Max=(X=1700.000 Y=1800.000 Z=0.000) RuntimeGrid:None EditorOnly:0 RuntimeOnly:0 HLODRelevant:0
 |   |   |- [+] [ 48]
 |   |   |   |- Guid:DF10C6DD4006568C37CC47A932E9E9E9 BaseClass: NativeClass:/Script/Engine.StaticMeshActor Name:StaticMeshActor_UAID_C85ACF005D05F7C201_1540222505 Label:ModularStoneKeepRoofTile6 SpatiallyLoaded:1 Bounds:IsValid=true, Min=(X=1200.000 Y=1163.013 Z=554.282), Max=(X=1700.000 Y=1375.000 Z=829.813) RuntimeGrid:None EditorOnly:0 RuntimeOnly:0 HLODRelevant:0
 |   |   |- [+] [ 49]
 |   |   |   |- Guid:AAB600CC4C7E109A5C69089B3B4358E8 BaseClass: NativeClass:/Script/Engine.StaticMeshActor Name:StaticMeshActor_UAID_C85ACF005D05F4C201_1783157969 Label:ModularStoneKeepFloorTile3 SpatiallyLoaded:1 Bounds:IsValid=true, Min=(X=1700.000 Y=1300.000 Z=0.000), Max=(X=2200.000 Y=1800.000 Z=0.000) RuntimeGrid:None EditorOnly:0 RuntimeOnly:0 HLODRelevant:0
 |   |   |- [+] [ 50]
 |   |   |   |- Guid:851E1471458BA22C55AE098D878685A4 BaseClass: NativeClass:/Script/Engine.WorldDataLayers Name:WorldDataLayers Label:WorldDataLayers SpatiallyLoaded:0 Bounds:IsValid=true, Min=(X=0.000 Y=0.000 Z=0.000), Max=(X=0.000 Y=0.000 Z=0.000) RuntimeGrid:None EditorOnly:0 RuntimeOnly:0 HLODRelevant:0
 |   |   |- [+] [ 51]
 |   |   |   |- Guid:26A9403D4D55B9576621A99EE9BB8B0F BaseClass: NativeClass:/Script/Engine.StaticMeshActor Name:StaticMeshActor_UAID_A4AE111137DC5CFB00_1660657071 Label:SM_SkySphere SpatiallyLoaded:0 Bounds:IsValid=true, Min=(X=-1638400.000 Y=-1638400.000 Z=-1638400.000), Max=(X=1638400.000 Y=1638400.000 Z=1638400.000) RuntimeGrid:None EditorOnly:0 RuntimeOnly:0 HLODRelevant:0 FolderPath:Lighting FolderGuid:4C9334684BA61B42C769F799D2576455
 |   |   |- [+] [ 52]
 |   |   |   |- Guid:04E1DFEE49AA7B4D95EFF6B1FAB1C81B BaseClass: NativeClass:/Script/Engine.StaticMeshActor Name:StaticMeshActor_UAID_C85ACF005D05F4C201_2008437991 Label:ModularStoneKeepFloorTile13 SpatiallyLoaded:1 Bounds:IsValid=true, Min=(X=2200.000 Y=1300.000 Z=0.000), Max=(X=2700.000 Y=1800.000 Z=0.000) RuntimeGrid:None EditorOnly:0 RuntimeOnly:0 HLODRelevant:0
 |   |   |- [+] [ 53]
 |   |   |   |- Guid:9CF8D0254F246DE97D04F8BD8CE6B949 BaseClass: NativeClass:/Script/Engine.StaticMeshActor Name:StaticMeshActor_UAID_C85ACF005D05F4C201_1986927980 Label:ModularStoneKeepArchSegment8 SpatiallyLoaded:1 Bounds:IsValid=true, Min=(X=2190.568 Y=2650.000 Z=-2.328), Max=(X=2312.289 Y=2900.000 Z=300.000) RuntimeGrid:None EditorOnly:0 RuntimeOnly:0 HLODRelevant:0
 |   |   |- [+] [ 54]
 |   |   |   |- Guid:0532B26B4992E59C033592B300A01FF6 BaseClass: NativeClass:/Script/Engine.StaticMeshActor Name:StaticMeshActor_UAID_C85ACF005D05F4C201_2000419989 Label:ModularStoneKeepFloorTile11 SpatiallyLoaded:1 Bounds:IsValid=true, Min=(X=700.000 Y=2300.000 Z=0.000), Max=(X=1200.000 Y=2800.000 Z=0.000) RuntimeGrid:None EditorOnly:0 RuntimeOnly:0 HLODRelevant:0
 |   |   |- [+] [ 55]
 |   |   |   |- Guid:467F425441028587FBC28E9F28ED64C8 BaseClass: NativeClass:/Script/Engine.StaticMeshActor Name:StaticMeshActor_UAID_C85ACF005D05F7C201_1540216497 Label:ModularStoneBrickPillar5 SpatiallyLoaded:1 Bounds:IsValid=true, Min=(X=1675.000 Y=1225.000 Z=297.825), Max=(X=1725.000 Y=1325.000 Z=628.169) RuntimeGrid:None EditorOnly:0 RuntimeOnly:0 HLODRelevant:0
 |   |   |- [+] [ 56]
 |   |   |   |- Guid:D8762A4D44CB720BAA3408A72CF3700B BaseClass: NativeClass:/Script/Engine.StaticMeshActor Name:StaticMeshActor_UAID_C85ACF005D05F4C201_1970920976 Label:ModularStoneKeepArchSegment4 SpatiallyLoaded:1 Bounds:IsValid=true, Min=(X=1450.000 Y=1287.711 Z=-2.328), Max=(X=1700.000 Y=1409.432 Z=300.000) RuntimeGrid:None EditorOnly:0 RuntimeOnly:0 HLODRelevant:0
 |- ContainerInstances:
 |- [+] MainContainer:
 |   |-        ID: 0x0000000000000000
 |   |-    Bounds: IsValid=false, Min=(X=0.000 Y=0.000 Z=0.000), Max=(X=0.000 Y=0.000 Z=0.000)
 |   |- Transform: 0.000000,0.000000,0.000000|0.000000,0.000000,-0.000000|1.000000,1.000000,1.000000
 |   |- Container: /Game/L_Will
----------------------------------------------------------------------------------------------------------------
L_Will - Persistent Level
----------------------------------------------------------------------------------------------------------------
Always loaded Actor Count: 65 

----------------------------------------------------------------------------------------------------------------
L_Will - Runtime Spatial Hash - Streaming Grid - MainGrid
----------------------------------------------------------------------------------------------------------------
            Origin: X=0.000 Y=0.000 Z=0.000
         Cell Size: 12800
      World Bounds: IsValid=false, Min=(X=0.000 Y=0.000 Z=0.000), Max=(X=0.000 Y=0.000 Z=0.000)
     Loading Range: 25600.00
Block Slow Loading: No
 ClientOnlyVisible: No

[+] Grid Levels: 1
 |- Level  0: Cell Count    0 | Cell Size   12800 | Actor Count    0 (0.0%)

[+] Content of Grid Level 0

